[20:10:29.399][CONSTRUCT][CLIENT][INFO] Starting building internal Registries
[20:10:30.043][CONSTRUCT][CLIENT][INFO] The following mods have explicit CraftTweaker support:
'crafttweaker' at version '7.1.0.119'
'iceandfire' at version '2.1.6-1.16.4'
'immersivepetroleum' at version '3.1.0-2'
'jeitweaker' at version '1.0.1.11'
'thermal_expansion' at version '1.1.6'
[20:10:30.224][CONSTRUCT][CLIENT][DEBUG] Registering crafttweaker.api.util.DirectionAxis for native type 'net.minecraft.util.Direction.Axis'
[20:10:30.224][CONSTRUCT][CLIENT][DEBUG] Registering crafttweaker.api.event.tick.MCTickEvent for native type 'net.minecraftforge.event.TickEvent'
[20:10:30.224][CONSTRUCT][CLIENT][DEBUG] Registering crafttweaker.api.world.MCWorld for native type 'net.minecraft.world.World'
[20:10:30.225][CONSTRUCT][CLIENT][DEBUG] Registering crafttweaker.api.event.entity.player.xp.MCLevelChangeEvent for native type 'net.minecraftforge.event.entity.player.PlayerXpEvent.LevelChange'
[20:10:30.225][CONSTRUCT][CLIENT][DEBUG] Registering crafttweaker.api.item.MCItemDefinition for native type 'net.minecraft.item.Item'
[20:10:30.225][CONSTRUCT][CLIENT][DEBUG] Registering crafttweaker.api.fluid.MCFluid for native type 'net.minecraft.fluid.Fluid'
[20:10:30.225][CONSTRUCT][CLIENT][DEBUG] Registering crafttweaker.api.item.Ingredient for native type 'net.minecraft.item.crafting.Ingredient'
[20:10:30.225][CONSTRUCT][CLIENT][DEBUG] Registering crafttweaker.api.util.DamageSource for native type 'net.minecraft.util.DamageSource'
[20:10:30.225][CONSTRUCT][CLIENT][DEBUG] Registering crafttweaker.api.world.MCServerWorld for native type 'net.minecraft.world.server.ServerWorld'
[20:10:30.225][CONSTRUCT][CLIENT][DEBUG] Registering crafttweaker.api.potion.MCPotionEffect for native type 'net.minecraft.potion.Effect'
[20:10:30.231][CONSTRUCT][CLIENT][DEBUG] Registering crafttweaker.api.blocks.MCBlockState for native type 'net.minecraft.block.BlockState'
[20:10:30.232][CONSTRUCT][CLIENT][DEBUG] Registering crafttweaker.api.event.entity.player.MCItemPickupEvent for native type 'net.minecraftforge.event.entity.player.PlayerEvent.ItemPickupEvent'
[20:10:30.232][CONSTRUCT][CLIENT][DEBUG] Registering crafttweaker.api.event.entity.player.interact.MCRightClickBlockEvent for native type 'net.minecraftforge.event.entity.player.PlayerInteractEvent.RightClickBlock'
[20:10:30.232][CONSTRUCT][CLIENT][DEBUG] Registering crafttweaker.api.blocks.MCBlock for native type 'net.minecraft.block.Block'
[20:10:30.232][CONSTRUCT][CLIENT][DEBUG] Registering crafttweaker.api.event.entity.living.MCLivingDeathEvent for native type 'net.minecraftforge.event.entity.living.LivingDeathEvent'
[20:10:30.232][CONSTRUCT][CLIENT][DEBUG] Registering crafttweaker.api.event.entity.player.MCItemFishedEvent for native type 'net.minecraftforge.event.entity.player.ItemFishedEvent'
[20:10:30.232][CONSTRUCT][CLIENT][DEBUG] Registering crafttweaker.api.event.entity.living.MCLivingHurtEvent for native type 'net.minecraftforge.event.entity.living.LivingHurtEvent'
[20:10:30.233][CONSTRUCT][CLIENT][DEBUG] Registering crafttweaker.api.event.entity.player.interact.MCRightClickItemEvent for native type 'net.minecraftforge.event.entity.player.PlayerInteractEvent.RightClickItem'
[20:10:30.233][CONSTRUCT][CLIENT][DEBUG] Registering crafttweaker.api.event.entity.MCEntityEvent for native type 'net.minecraftforge.event.entity.EntityEvent'
[20:10:30.233][CONSTRUCT][CLIENT][DEBUG] Registering crafttweaker.api.enchantment.MCEnchantment for native type 'net.minecraft.enchantment.Enchantment'
[20:10:30.242][CONSTRUCT][CLIENT][DEBUG] Registering crafttweaker.api.event.entity.player.MCItemSmeltedEvent for native type 'net.minecraftforge.event.entity.player.PlayerEvent.ItemSmeltedEvent'
[20:10:30.249][CONSTRUCT][CLIENT][DEBUG] Registering crafttweaker.api.event.player.MCItemCraftedEvent for native type 'net.minecraftforge.event.entity.player.PlayerEvent.ItemCraftedEvent'
[20:10:30.249][CONSTRUCT][CLIENT][DEBUG] Registering crafttweaker.api.event.entity.player.MCAnvilRepairEvent for native type 'net.minecraftforge.event.entity.player.AnvilRepairEvent'
[20:10:30.249][CONSTRUCT][CLIENT][DEBUG] Registering crafttweaker.api.event.entity.player.MCPlayerLoggedOutEvent for native type 'net.minecraftforge.event.entity.player.PlayerEvent.PlayerLoggedOutEvent'
[20:10:30.249][CONSTRUCT][CLIENT][DEBUG] Registering crafttweaker.api.item.ItemStack for native type 'net.minecraft.item.ItemStack'
[20:10:30.249][CONSTRUCT][CLIENT][DEBUG] Registering crafttweaker.api.event.entity.player.xp.MCXpChangeEvent for native type 'net.minecraftforge.event.entity.player.PlayerXpEvent.XpChange'
[20:10:30.249][CONSTRUCT][CLIENT][DEBUG] Registering crafttweaker.api.util.BlockPos for native type 'net.minecraft.util.math.BlockPos'
[20:10:30.249][CONSTRUCT][CLIENT][DEBUG] Registering crafttweaker.api.event.entity.player.MCPlayerLoggedInEvent for native type 'net.minecraftforge.event.entity.player.PlayerEvent.PlayerLoggedInEvent'
[20:10:30.251][CONSTRUCT][CLIENT][DEBUG] Registering crafttweaker.api.util.MCResourceLocation for native type 'net.minecraft.util.ResourceLocation'
[20:10:30.251][CONSTRUCT][CLIENT][DEBUG] Registering crafttweaker.api.event.entity.MCLivingEvent for native type 'net.minecraftforge.event.entity.living.LivingEvent'
[20:10:30.251][CONSTRUCT][CLIENT][DEBUG] Registering crafttweaker.api.event.entity.player.MCPlayerEvent for native type 'net.minecraftforge.event.entity.player.PlayerEvent'
[20:10:30.251][CONSTRUCT][CLIENT][DEBUG] Registering crafttweaker.api.entity.MCEntity for native type 'net.minecraft.entity.Entity'
[20:10:30.252][CONSTRUCT][CLIENT][DEBUG] Registering crafttweaker.api.player.MCPlayerEntity for native type 'net.minecraft.entity.player.PlayerEntity'
[20:10:30.252][CONSTRUCT][CLIENT][DEBUG] Registering crafttweaker.api.entity.MCEntityClassification for native type 'net.minecraft.entity.EntityClassification'
[20:10:30.252][CONSTRUCT][CLIENT][DEBUG] Registering crafttweaker.api.event.entity.player.interact.MCRightClickEmptyEvent for native type 'net.minecraftforge.event.entity.player.PlayerInteractEvent.RightClickEmpty'
[20:10:30.252][CONSTRUCT][CLIENT][DEBUG] Registering crafttweaker.api.villager.MCVillagerProfession for native type 'net.minecraft.entity.merchant.villager.VillagerProfession'
[20:10:30.252][CONSTRUCT][CLIENT][DEBUG] Registering crafttweaker.api.event.entity.living.MCLivingHealEvent for native type 'net.minecraftforge.event.entity.living.LivingHealEvent'
[20:10:30.252][CONSTRUCT][CLIENT][DEBUG] Registering crafttweaker.api.entity.MCLivingEntity for native type 'net.minecraft.entity.LivingEntity'
[20:10:30.252][CONSTRUCT][CLIENT][DEBUG] Registering crafttweaker.api.potion.MCPotion for native type 'net.minecraft.potion.Potion'
[20:10:30.252][CONSTRUCT][CLIENT][DEBUG] Registering crafttweaker.api.block.material.MCMaterialColor for native type 'net.minecraft.block.material.MaterialColor'
[20:10:30.252][CONSTRUCT][CLIENT][DEBUG] Registering crafttweaker.api.event.entity.player.MCAdvancementEvent for native type 'net.minecraftforge.event.entity.player.AdvancementEvent'
[20:10:30.253][CONSTRUCT][CLIENT][DEBUG] Registering crafttweaker.api.event.entity.player.interact.MCPlayerInteractEvent for native type 'net.minecraftforge.event.entity.player.PlayerInteractEvent'
[20:10:30.253][CONSTRUCT][CLIENT][DEBUG] Registering crafttweaker.api.block.material.MCMaterial for native type 'net.minecraft.block.material.Material'
[20:10:30.253][CONSTRUCT][CLIENT][DEBUG] Registering crafttweaker.api.event.tick.MCPlayerTickEvent for native type 'net.minecraftforge.event.TickEvent.PlayerTickEvent'
[20:10:30.253][CONSTRUCT][CLIENT][DEBUG] Registering crafttweaker.api.world.MCBiome for native type 'net.minecraft.world.biome.Biome'
[20:10:30.255][CONSTRUCT][CLIENT][DEBUG] Registering crafttweaker.api.event.entity.player.MCPlayerRespawnEvent for native type 'net.minecraftforge.event.entity.player.PlayerEvent.PlayerRespawnEvent'
[20:10:30.256][CONSTRUCT][CLIENT][DEBUG] Registering crafttweaker.api.event.MCEvent for native type 'net.minecraftforge.eventbus.api.Event'
[20:10:30.256][CONSTRUCT][CLIENT][DEBUG] Registering crafttweaker.api.potion.MCPotionEffectInstance for native type 'net.minecraft.potion.EffectInstance'
[20:10:30.256][CONSTRUCT][CLIENT][DEBUG] Registering crafttweaker.api.event.entity.player.MCPlayerDestroyItemEvent for native type 'net.minecraftforge.event.entity.player.PlayerDestroyItemEvent'
[20:10:30.273][CONSTRUCT][CLIENT][DEBUG] Registering mods.iceandfire.recipes
[20:10:30.291][CONSTRUCT][CLIENT][DEBUG] Registering mods.jei.JEI
[20:10:30.295][CONSTRUCT][CLIENT][DEBUG] Registering crafttweaker.api.ILogger
[20:10:30.317][CONSTRUCT][CLIENT][DEBUG] Registering crafttweaker.api.brackets.CommandStringDisplayable
[20:10:30.327][CONSTRUCT][CLIENT][DEBUG] Registering crafttweaker.api.recipe.RecipeFunctionMatrix
[20:10:30.327][CONSTRUCT][CLIENT][DEBUG] Registering crafttweaker.api.recipe.RecipeFunctionSingle
[20:10:30.328][CONSTRUCT][CLIENT][DEBUG] Registering crafttweaker.api.recipe.RecipeFunctionArray
[20:10:30.330][CONSTRUCT][CLIENT][DEBUG] Registering crafttweaker.api.registries.IRecipeManager
[20:10:30.333][CONSTRUCT][CLIENT][DEBUG] Registering crafttweaker.api.recipe.RecipeFilter
[20:10:30.334][CONSTRUCT][CLIENT][DEBUG] Registering crafttweaker.api.registries.ICookingRecipeManager
[20:10:30.334][CONSTRUCT][CLIENT][DEBUG] Registering crafttweaker.api.data.IData
[20:10:30.335][CONSTRUCT][CLIENT][DEBUG] Registering crafttweaker.api.data.ICollectionData
[20:10:30.335][CONSTRUCT][CLIENT][DEBUG] Registering crafttweaker.api.data.INumberData
[20:10:30.336][CONSTRUCT][CLIENT][DEBUG] Registering crafttweaker.api.fluid.IFluidStack
[20:10:30.355][CONSTRUCT][CLIENT][DEBUG] Registering crafttweaker.api.mods.ModInfo
[20:10:30.360][CONSTRUCT][CLIENT][DEBUG] Registering crafttweaker.api.mods.Mods
[20:10:30.416][CONSTRUCT][CLIENT][DEBUG] Registering crafttweaker.api.item.IIngredientTransformer
[20:10:30.417][CONSTRUCT][CLIENT][DEBUG] Registering crafttweaker.api.item.tooltip.ITooltipFunction
[20:10:30.420][CONSTRUCT][CLIENT][DEBUG] Registering crafttweaker.api.item.IIngredient
[20:10:30.423][CONSTRUCT][CLIENT][DEBUG] Registering crafttweaker.api.item.IItemStack
[20:10:30.427][CONSTRUCT][CLIENT][DEBUG] Registering crafttweaker.api.item.IIngredientWithAmount
[20:10:30.428][CONSTRUCT][CLIENT][DEBUG] Registering crafttweaker.api.item.IIngredientCondition
[20:10:30.620][CONSTRUCT][CLIENT][DEBUG] Registering crafttweaker.api.events.CTEventManager
[20:10:30.629][CONSTRUCT][CLIENT][DEBUG] Registering crafttweaker.api.entity.MCEntityType
[20:10:30.630][CONSTRUCT][CLIENT][DEBUG] Registering crafttweaker.api.util.Direction
[20:10:30.635][CONSTRUCT][CLIENT][DEBUG] Registering crafttweaker.api.util.text.MCStyle
[20:10:30.636][CONSTRUCT][CLIENT][DEBUG] Registering crafttweaker.api.util.text.MCTextComponent
[20:10:30.646][CONSTRUCT][CLIENT][DEBUG] Registering crafttweaker.api.text.TextFormatting
[20:10:30.652][CONSTRUCT][CLIENT][DEBUG] Registering crafttweaker.api.recipes.WrapperRecipe
[20:10:30.666][CONSTRUCT][CLIENT][DEBUG] Registering crafttweaker.api.RecipeTypeBracketHandler
[20:10:30.666][CONSTRUCT][CLIENT][DEBUG] Registering crafttweaker.api.BracketHandlers
[20:10:30.683][CONSTRUCT][CLIENT][DEBUG] Registering crafttweaker.api.BracketDumpers
[20:10:30.704][CONSTRUCT][CLIENT][DEBUG] Registering crafttweaker.api.BracketValidators
[20:10:30.723][CONSTRUCT][CLIENT][DEBUG] Registering crafttweaker.api.CraftingTableManager
[20:10:30.723][CONSTRUCT][CLIENT][DEBUG] Registering crafttweaker.api.FurnaceManager
[20:10:30.723][CONSTRUCT][CLIENT][DEBUG] Registering crafttweaker.api.SmithingManager
[20:10:30.724][CONSTRUCT][CLIENT][DEBUG] Registering crafttweaker.api.StoneCutterManager
[20:10:30.724][CONSTRUCT][CLIENT][DEBUG] Registering crafttweaker.api.SmokerManager
[20:10:30.724][CONSTRUCT][CLIENT][DEBUG] Registering crafttweaker.api.BlastFurnaceManager
[20:10:30.725][CONSTRUCT][CLIENT][DEBUG] Registering crafttweaker.api.CampFireManager
[20:10:30.726][CONSTRUCT][CLIENT][DEBUG] Registering crafttweaker.api.villagers.VillagerTrades
[20:10:30.726][CONSTRUCT][CLIENT][DEBUG] Registering crafttweaker.api.Composter
[20:10:30.726][CONSTRUCT][CLIENT][DEBUG] Registering crafttweaker.api.data.IntData
[20:10:30.731][CONSTRUCT][CLIENT][DEBUG] Registering crafttweaker.api.data.ByteArrayData
[20:10:30.733][CONSTRUCT][CLIENT][DEBUG] Registering crafttweaker.api.data.BoolData
[20:10:30.736][CONSTRUCT][CLIENT][DEBUG] Registering crafttweaker.api.data.StringData
[20:10:30.737][CONSTRUCT][CLIENT][DEBUG] Registering crafttweaker.api.data.LongArrayData
[20:10:30.750][CONSTRUCT][CLIENT][DEBUG] Registering crafttweaker.api.data.ByteData
[20:10:30.752][CONSTRUCT][CLIENT][DEBUG] Registering crafttweaker.api.data.DoubleData
[20:10:30.753][CONSTRUCT][CLIENT][DEBUG] Registering crafttweaker.api.data.FloatData
[20:10:30.754][CONSTRUCT][CLIENT][DEBUG] Registering crafttweaker.api.data.ListData
[20:10:30.756][CONSTRUCT][CLIENT][DEBUG] Registering crafttweaker.api.data.ShortData
[20:10:30.761][CONSTRUCT][CLIENT][DEBUG] Registering crafttweaker.api.data.IntArrayData
[20:10:30.763][CONSTRUCT][CLIENT][DEBUG] Registering crafttweaker.api.data.MapData
[20:10:30.767][CONSTRUCT][CLIENT][DEBUG] Registering crafttweaker.api.data.LongData
[20:10:30.768][CONSTRUCT][CLIENT][DEBUG] Registering crafttweaker.api.tag.MCTagWithAmount
[20:10:30.769][CONSTRUCT][CLIENT][DEBUG] Registering crafttweaker.api.tag.MCTag
[20:10:30.773][CONSTRUCT][CLIENT][DEBUG] Registering crafttweaker.api.tags.CrTTagRegistryData
[20:10:30.777][CONSTRUCT][CLIENT][DEBUG] Registering crafttweaker.api.tag.TagManager
[20:10:30.779][CONSTRUCT][CLIENT][DEBUG] Registering crafttweaker.api.tag.TagManagerBlock
[20:10:30.780][CONSTRUCT][CLIENT][DEBUG] Registering crafttweaker.api.tag.TagManagerItem
[20:10:30.784][CONSTRUCT][CLIENT][DEBUG] Registering crafttweaker.api.tag.TagManagerEntityType
[20:10:30.786][CONSTRUCT][CLIENT][DEBUG] Registering crafttweaker.api.tag.TagManagerFluid
[20:10:30.787][CONSTRUCT][CLIENT][DEBUG] Registering crafttweaker.api.game.MCGame
[20:10:30.790][CONSTRUCT][CLIENT][DEBUG] Registering crafttweaker.api.item.MCIngredientTransformed
[20:10:30.801][CONSTRUCT][CLIENT][DEBUG] Registering crafttweaker.api.item.IngredientList
[20:10:30.804][CONSTRUCT][CLIENT][DEBUG] Registering crafttweaker.api.item.MCIngredientConditioned
[20:10:30.806][CONSTRUCT][CLIENT][DEBUG] Registering crafttweaker.api.item.MCWeightedItemStack
[20:10:30.808][CONSTRUCT][CLIENT][DEBUG] Registering crafttweaker.api.food.MCFood
[20:10:30.809][CONSTRUCT][CLIENT][DEBUG] Registering crafttweaker.api.commands.custom.MCCommandDispatcher
[20:10:30.817][CONSTRUCT][CLIENT][DEBUG] Registering crafttweaker.api.commands.custom.MCCommand
[20:10:30.826][CONSTRUCT][CLIENT][DEBUG] Registering crafttweaker.api.commands.custom.MCParsedArgument
[20:10:30.826][CONSTRUCT][CLIENT][DEBUG] Registering crafttweaker.api.commands.custom.MCCommandNode
[20:10:30.827][CONSTRUCT][CLIENT][DEBUG] Registering crafttweaker.api.commands.custom.MCRootCommandNode
[20:10:30.827][CONSTRUCT][CLIENT][DEBUG] Registering crafttweaker.api.commands.custom.MCAmbiguityConsumer
[20:10:30.837][CONSTRUCT][CLIENT][DEBUG] Registering crafttweaker.api.commands.custom.MCCommandContextBuilder
[20:10:30.853][CONSTRUCT][CLIENT][DEBUG] Registering crafttweaker.api.commands.custom.MCImmutableStringReader
[20:10:30.862][CONSTRUCT][CLIENT][DEBUG] Registering crafttweaker.api.commands.custom.MCArgumentCommandNode
[20:10:30.864][CONSTRUCT][CLIENT][DEBUG] Registering crafttweaker.api.commands.custom.MCSuggestionsBuilder
[20:10:30.868][CONSTRUCT][CLIENT][DEBUG] Registering crafttweaker.api.commands.custom.MCSingleRedirectModifier
[20:10:30.874][CONSTRUCT][CLIENT][DEBUG] Registering crafttweaker.api.commands.custom.MCLiteralCommandNode
[20:10:30.875][CONSTRUCT][CLIENT][DEBUG] Registering crafttweaker.api.commands.custom.MCResultConsumer
[20:10:30.879][CONSTRUCT][CLIENT][DEBUG] Registering crafttweaker.api.commands.custom.MCRequiredArgumentBuilder
[20:10:30.899][CONSTRUCT][CLIENT][DEBUG] Registering crafttweaker.api.commands.custom.MCParseResults
[20:10:30.905][CONSTRUCT][CLIENT][DEBUG] Registering crafttweaker.api.commands.custom.MCCommandSource
[20:10:30.906][CONSTRUCT][CLIENT][DEBUG] Registering crafttweaker.api.commands.custom.CustomCommands
[20:10:30.912][CONSTRUCT][CLIENT][DEBUG] Registering crafttweaker.api.commands.custom.MCStringRange
[20:10:30.920][CONSTRUCT][CLIENT][DEBUG] Registering crafttweaker.api.commands.custom.MCLiteralArgumentBuilder
[20:10:30.931][CONSTRUCT][CLIENT][DEBUG] Registering crafttweaker.api.commands.custom.MCParsedCommandNode
[20:10:30.935][CONSTRUCT][CLIENT][DEBUG] Registering crafttweaker.api.commands.custom.MCRedirectModifier
[20:10:30.937][CONSTRUCT][CLIENT][DEBUG] Registering crafttweaker.api.commands.custom.MCSuggestion
[20:10:30.938][CONSTRUCT][CLIENT][DEBUG] Registering crafttweaker.api.commands.custom.MCArgumentBuilder
[20:10:30.941][CONSTRUCT][CLIENT][DEBUG] Registering crafttweaker.api.commands.custom.MCCommandContext
[20:10:30.947][CONSTRUCT][CLIENT][DEBUG] Registering crafttweaker.api.commands.custom.MCSuggestionProvider
[20:10:30.957][CONSTRUCT][CLIENT][DEBUG] Registering crafttweaker.api.commands.custom.MCSuggestionContext
[20:10:30.971][CONSTRUCT][CLIENT][DEBUG] Registering crafttweaker.api.commands.custom.MCSuggestions
[20:10:30.972][CONSTRUCT][CLIENT][DEBUG] Registering mods.immersivepetroleum.ReservoirRegistry
[20:10:30.972][CONSTRUCT][CLIENT][DEBUG] Registering mods.immersivepetroleum.ReservoirBuilder
[20:10:30.972][CONSTRUCT][CLIENT][DEBUG] Registering mods.immersivepetroleum.Lubricant
[20:10:30.972][CONSTRUCT][CLIENT][DEBUG] Registering mods.immersivepetroleum.FuelRegistry
[20:10:30.973][CONSTRUCT][CLIENT][DEBUG] Registering mods.immersivepetroleum.DistillationTower
[20:10:30.973][CONSTRUCT][CLIENT][DEBUG] Registering mods.immersivepetroleum.DistillationBuilder
[20:10:30.982][CONSTRUCT][CLIENT][DEBUG] Registering mods.thermal.Smelter
[20:10:30.983][CONSTRUCT][CLIENT][DEBUG] Registering mods.thermal.SmelterCatalyst
[20:10:30.984][CONSTRUCT][CLIENT][DEBUG] Registering mods.thermal.Sawmill
[20:10:30.994][CONSTRUCT][CLIENT][DEBUG] Registering mods.thermal.Refinery
[20:10:31.043][CONSTRUCT][CLIENT][DEBUG] Registering mods.thermal.Pyrolyzer
[20:10:31.045][CONSTRUCT][CLIENT][DEBUG] Registering mods.thermal.Pulverizer
[20:10:31.045][CONSTRUCT][CLIENT][DEBUG] Registering mods.thermal.PulverizerCatalyst
[20:10:31.064][CONSTRUCT][CLIENT][DEBUG] Registering mods.thermal.Press
[20:10:31.090][CONSTRUCT][CLIENT][DEBUG] Registering mods.thermal.Insolator
[20:10:31.094][CONSTRUCT][CLIENT][DEBUG] Registering mods.thermal.InsolatorCatalyst
[20:10:31.094][CONSTRUCT][CLIENT][DEBUG] Registering mods.thermal.Furnace
[20:10:31.105][CONSTRUCT][CLIENT][DEBUG] Registering mods.thermal.Crucible
[20:10:31.108][CONSTRUCT][CLIENT][DEBUG] Registering mods.thermal.Chiller
[20:10:31.108][CONSTRUCT][CLIENT][DEBUG] Registering mods.thermal.Centrifuge
[20:10:31.116][CONSTRUCT][CLIENT][DEBUG] Registering mods.thermal.Brewer
[20:10:31.126][CONSTRUCT][CLIENT][DEBUG] Registering mods.thermal.Bottler
[20:10:31.127][CONSTRUCT][CLIENT][DEBUG] Registering mods.thermal.StirlingFuel
[20:10:31.136][CONSTRUCT][CLIENT][DEBUG] Registering mods.thermal.NumismaticFuel
[20:10:31.140][CONSTRUCT][CLIENT][DEBUG] Registering mods.thermal.MagmaticFuel
[20:10:31.147][CONSTRUCT][CLIENT][DEBUG] Registering mods.thermal.LapidaryFuel
[20:10:31.151][CONSTRUCT][CLIENT][DEBUG] Registering mods.thermal.CompressionFuel
[20:10:31.305][CONSTRUCT][CLIENT][DEBUG] Registering Native TagManager with TagFolder 'blocks'
[20:10:31.306][CONSTRUCT][CLIENT][DEBUG] Registering Native TagManager with TagFolder 'items'
[20:10:31.306][CONSTRUCT][CLIENT][DEBUG] Registering Native TagManager with TagFolder 'entity_types'
[20:10:31.307][CONSTRUCT][CLIENT][DEBUG] Registering Native TagManager with TagFolder 'fluids'
[20:10:31.307][CONSTRUCT][CLIENT][INFO] Completed building internal Registries
[20:10:37.536][LOAD_REGISTRIES][CLIENT][DEBUG] Setting up Tag Managers
[20:10:37.536][LOAD_REGISTRIES][CLIENT][DEBUG] Creating Wrapper TagManager for type 'minecraft:potion' with tag folder 'potions'
[20:10:37.536][LOAD_REGISTRIES][CLIENT][DEBUG] Creating Wrapper TagManager for type 'mekanism:pigment' with tag folder 'pigments'
[20:10:37.536][LOAD_REGISTRIES][CLIENT][DEBUG] Could not register tag manager for pigments
[20:10:37.536][LOAD_REGISTRIES][CLIENT][DEBUG] Creating Wrapper TagManager for type 'minecraft:enchantment' with tag folder 'enchantments'
[20:10:37.536][LOAD_REGISTRIES][CLIENT][DEBUG] Creating Wrapper TagManager for type 'minecraft:block_entity_type' with tag folder 'tile_entity_types'
[20:10:37.537][LOAD_REGISTRIES][CLIENT][DEBUG] Could not register tag manager for tile_entity_types
[20:10:37.537][LOAD_REGISTRIES][CLIENT][DEBUG] Creating Wrapper TagManager for type 'mekanism:slurry' with tag folder 'slurries'
[20:10:37.537][LOAD_REGISTRIES][CLIENT][DEBUG] Could not register tag manager for slurries
[20:10:37.537][LOAD_REGISTRIES][CLIENT][DEBUG] Creating Wrapper TagManager for type 'mekanism:infuse_type' with tag folder 'infuse_types'
[20:10:37.537][LOAD_REGISTRIES][CLIENT][DEBUG] Could not register tag manager for infuse_types
[20:10:37.537][LOAD_REGISTRIES][CLIENT][DEBUG] Creating Wrapper TagManager for type 'mekanism:gas' with tag folder 'gases'
[20:10:37.537][LOAD_REGISTRIES][CLIENT][DEBUG] Could not register tag manager for gases
[20:10:37.537][LOAD_REGISTRIES][CLIENT][DEBUG] Finished setting up Tag Managers
[20:10:49.330][COMMON_SETUP][CLIENT][INFO] Started loading Scripts for Loader 'setupCommon'!
[20:10:49.335][COMMON_SETUP][CLIENT][DEBUG] This is a first run. All IActions will be applied.
[20:10:49.656][COMMON_SETUP][CLIENT][DEBUG] Could not get class for type string[string] attempting to do stuff anyways
[20:10:49.656][COMMON_SETUP][CLIENT][DEBUG] Could not get class for type string[string] attempting to do stuff anyways
[20:10:49.657][COMMON_SETUP][CLIENT][DEBUG] Could not get class for type IData[string] attempting to do stuff anyways
[20:10:49.660][COMMON_SETUP][CLIENT][DEBUG] Could not get class for type IData[] attempting to do stuff anyways
[20:10:49.685][COMMON_SETUP][CLIENT][DEBUG] This is loader 'setupCommon' run #1
[20:10:49.852][COMMON_SETUP][CLIENT][INFO] Finished loading Scripts!
